Using pre-set license
Built from '2020.3/staging' branch; Version is '2020.3.22f1 (e1a7f79fd887) revision 14788599'; Using compiler version '192528614'; Build Type 'Release'
OS: 'Windows 10 Home Single Language; OS build 19043.1415; Version 2009; 64bit' Language: 'en' Physical Memory: 6104 MB
BatchMode: 1, IsHumanControllingUs: 0, StartBugReporterOnCrash: 0, Is64bit: 1, IsPro: 0

COMMAND LINE ARGUMENTS:
C:\Program Files\Unity\Hub\Editor\2020.3.22f1\Editor\Unity.exe
-adb2
-batchMode
-noUpm
-name
AssetImportWorker1
-projectPath
C:/P.3/Cs222/Lab4/lab4
-logFile
Logs/AssetImportWorker1.log
-srvPort
56109
Successfully changed project path to: C:/P.3/Cs222/Lab4/lab4
C:/P.3/Cs222/Lab4/lab4
Using Asset Import Pipeline V2.
Refreshing native plugins compatible for Editor in 50.58 ms, found 2 plugins.
Preloading 0 native plugins for Editor in 0.00 ms.
Initialize engine version: 2020.3.22f1 (e1a7f79fd887)
[Subsystems] Discovering subsystems at path C:/Program Files/Unity/Hub/Editor/2020.3.22f1/Editor/Data/Resources/UnitySubsystems
[Subsystems] Discovering subsystems at path C:/P.3/Cs222/Lab4/lab4/Assets
GfxDevice: creating device client; threaded=0
Direct3D:
    Version:  Direct3D 11.0 [level 11.1]
    Renderer: NVIDIA GeForce GTX 1050 (ID=0x1c8d)
    Vendor:   
    VRAM:     4021 MB
    Driver:   30.0.14.9613
Initialize mono
Mono path[0] = 'C:/Program Files/Unity/Hub/Editor/2020.3.22f1/Editor/Data/Managed'
Mono path[1] = 'C:/Program Files/Unity/Hub/Editor/2020.3.22f1/Editor/Data/MonoBleedingEdge/lib/mono/unityjit'
Mono config path = 'C:/Program Files/Unity/Hub/Editor/2020.3.22f1/Editor/Data/MonoBleedingEdge/etc'
Using monoOptions --debugger-agent=transport=dt_socket,embedding=1,server=y,suspend=n,address=127.0.0.1:56144
Begin MonoManager ReloadAssembly
Registering precompiled unity dll's ...
Register platform support module: C:/Program Files/Unity/Hub/Editor/2020.3.22f1/Editor/Data/PlaybackEngines/WebGLSupport/UnityEditor.WebGL.Extensions.dll
Register platform support module: C:/Program Files/Unity/Hub/Editor/2020.3.22f1/Editor/Data/PlaybackEngines/WindowsStandaloneSupport/UnityEditor.WindowsStandalone.Extensions.dll
Registered in 0.004079 seconds.
Native extension for WindowsStandalone target not found
Native extension for WebGL target not found
Refreshing native plugins compatible for Editor in 52.01 ms, found 2 plugins.
Preloading 0 native plugins for Editor in 0.00 ms.
Mono: successfully reloaded assembly
- Completed reload, in  6.626 seconds
Domain Reload Profiling:
	ReloadAssembly (6627ms)
		BeginReloadAssembly (95ms)
			ExecutionOrderSort (0ms)
			DisableScriptedObjects (0ms)
			BackupInstance (0ms)
			ReleaseScriptingObjects (0ms)
			CreateAndSetChildDomain (1ms)
		EndReloadAssembly (761ms)
			LoadAssemblies (91ms)
			RebuildTransferFunctionScriptingTraits (0ms)
			SetupTypeCache (266ms)
			ReleaseScriptCaches (0ms)
			RebuildScriptCaches (58ms)
			SetupLoadedEditorAssemblies (275ms)
				LogAssemblyErrors (0ms)
				InitializePlatformSupportModulesInManaged (8ms)
				SetLoadedEditorAssemblies (0ms)
				RefreshPlugins (52ms)
				BeforeProcessingInitializeOnLoad (25ms)
				ProcessInitializeOnLoadAttributes (139ms)
				ProcessInitializeOnLoadMethodAttributes (49ms)
				AfterProcessingInitializeOnLoad (0ms)
				EditorAssembliesLoaded (0ms)
			ExecutionOrderSort2 (0ms)
			AwakeInstancesAfterBackupRestoration (0ms)
Platform modules already initialized, skipping
Registering precompiled user dll's ...
Registered in 0.006535 seconds.
Begin MonoManager ReloadAssembly
Native extension for WindowsStandalone target not found
Native extension for WebGL target not found
Refreshing native plugins compatible for Editor in 0.49 ms, found 2 plugins.
Preloading 0 native plugins for Editor in 0.00 ms.
Mono: successfully reloaded assembly
- Completed reload, in  2.055 seconds
Domain Reload Profiling:
	ReloadAssembly (2057ms)
		BeginReloadAssembly (268ms)
			ExecutionOrderSort (0ms)
			DisableScriptedObjects (11ms)
			BackupInstance (0ms)
			ReleaseScriptingObjects (0ms)
			CreateAndSetChildDomain (35ms)
		EndReloadAssembly (1672ms)
			LoadAssemblies (142ms)
			RebuildTransferFunctionScriptingTraits (0ms)
			SetupTypeCache (530ms)
			ReleaseScriptCaches (1ms)
			RebuildScriptCaches (88ms)
			SetupLoadedEditorAssemblies (744ms)
				LogAssemblyErrors (0ms)
				InitializePlatformSupportModulesInManaged (12ms)
				SetLoadedEditorAssemblies (1ms)
				RefreshPlugins (1ms)
				BeforeProcessingInitializeOnLoad (188ms)
				ProcessInitializeOnLoadAttributes (444ms)
				ProcessInitializeOnLoadMethodAttributes (86ms)
				AfterProcessingInitializeOnLoad (12ms)
				EditorAssembliesLoaded (0ms)
			ExecutionOrderSort2 (0ms)
			AwakeInstancesAfterBackupRestoration (11ms)
Platform modules already initialized, skipping
========================================================================
Worker process is ready to serve import requests
Launched and connected shader compiler UnityShaderCompiler.exe after 0.68 seconds
Refreshing native plugins compatible for Editor in 0.97 ms, found 2 plugins.
Preloading 0 native plugins for Editor in 0.00 ms.
Unloading 1498 Unused Serialized files (Serialized files now loaded: 0)
System memory in use before: 67.3 MB.
System memory in use after: 67.4 MB.

Unloading 19 unused Assets to reduce memory usage. Loaded Objects now: 1930.
Total: 5.465500 ms (FindLiveObjects: 0.245400 ms CreateObjectMapping: 0.048300 ms MarkObjects: 5.062400 ms  DeleteObjects: 0.107300 ms)

AssetImportParameters requested are different than current active one (requested -> active):
  custom:framework-win-MediaFoundation: 216162199b28c13a410421893ffa2e32 -> 
  custom:video-decoder-ogg-theora: a1e56fd34408186e4bbccfd4996cb3dc -> 
  custom:container-muxer-webm: aa71ff27fc2769a1b78a27578f13a17b -> 
  custom:container-demuxer-webm: 4f35f7cbe854078d1ac9338744f61a02 -> 
  custom:container-demuxer-ogg: 62fdf1f143b41e24485cea50d1cbac27 -> 
  custom:video-encoder-webm-vp8: eb34c28f22e8b96e1ab97ce403110664 -> 
  custom:video-decoder-webm-vp8: 9c59270c3fd7afecdb556c50c9e8de78 -> 
  custom:audio-decoder-ogg-vorbis: bf7c407c2cedff20999df2af8eb42d56 -> 
  custom:audio-encoder-webm-vorbis: bf7c407c2cedff20999df2af8eb42d56 -> 
========================================================================
Received Import Request.
  path: Assets/AssetsBackup/Big Enemy.prefab
  artifactKey: Guid(d58d69d140fa1d2458fd6f5d2554c33e) Importer(815301076,1909f56bfc062723c751e8b465ee728b)
Start importing Assets/AssetsBackup/Big Enemy.prefab using Guid(d58d69d140fa1d2458fd6f5d2554c33e) Importer(815301076,1909f56bfc062723c751e8b465ee728b)  -> (artifact id: '6f0225ea585af7286c5f2f17808fd57d') in 0.720539 seconds 
  Import took 0.724768 seconds .

========================================================================
Received Import Request.
  Time since last request: 0.000349 seconds.
  path: Assets/AssetsBackup/Health Bar.prefab
  artifactKey: Guid(d9be6ef6b41c9474c800175280857416) Importer(815301076,1909f56bfc062723c751e8b465ee728b)
Start importing Assets/AssetsBackup/Health Bar.prefab using Guid(d9be6ef6b41c9474c800175280857416) Importer(815301076,1909f56bfc062723c751e8b465ee728b)  -> (artifact id: 'f1e90c72f59d47f93bc917097c7f380d') in 0.016759 seconds 
  Import took 0.085145 seconds .

========================================================================
Received Import Request.
  Time since last request: 0.000323 seconds.
  path: Assets/AssetsBackup/player.mat
  artifactKey: Guid(c0363d03bb3fe6c4f96a8845d0aa891e) Importer(815301076,1909f56bfc062723c751e8b465ee728b)
Start importing Assets/AssetsBackup/player.mat using Guid(c0363d03bb3fe6c4f96a8845d0aa891e) Importer(815301076,1909f56bfc062723c751e8b465ee728b)  -> (artifact id: 'ed68c02a09b4c0b4b49de615f619607c') in 0.359635 seconds 
  Import took 0.408887 seconds .

========================================================================
Received Import Request.
  Time since last request: 0.000347 seconds.
  path: Assets/AssetsBackup/Bullet.prefab
  artifactKey: Guid(61ec5993e0d4dde43802ec90165a6295) Importer(815301076,1909f56bfc062723c751e8b465ee728b)
Start importing Assets/AssetsBackup/Bullet.prefab using Guid(61ec5993e0d4dde43802ec90165a6295) Importer(815301076,1909f56bfc062723c751e8b465ee728b)  -> (artifact id: 'fa2e7a7ea0eb3cb4551b98636db76c44') in 0.052826 seconds 
  Import took 0.089449 seconds .

========================================================================
Received Import Request.
  Time since last request: 0.000700 seconds.
  path: Assets/AssetsBackup/GroundMaterial.mat
  artifactKey: Guid(8d0ac78878dd4d84ea230c4f149e1dad) Importer(815301076,1909f56bfc062723c751e8b465ee728b)
Start importing Assets/AssetsBackup/GroundMaterial.mat using Guid(8d0ac78878dd4d84ea230c4f149e1dad) Importer(815301076,1909f56bfc062723c751e8b465ee728b)  -> (artifact id: 'db9c7933ca8e4008cebb160cf1d44a92') in 0.074001 seconds 
  Import took 0.154933 seconds .

========================================================================
Received Import Request.
  Time since last request: 0.000451 seconds.
  path: Assets/AssetsBackup/Enemy.prefab
  artifactKey: Guid(3b9a3731e01b08a4590f4e03752c2e53) Importer(815301076,1909f56bfc062723c751e8b465ee728b)
Start importing Assets/AssetsBackup/Enemy.prefab using Guid(3b9a3731e01b08a4590f4e03752c2e53) Importer(815301076,1909f56bfc062723c751e8b465ee728b)  -> (artifact id: '954107c8baa4859b03f191c59c29c12c') in 0.092105 seconds 
  Import took 0.096393 seconds .

========================================================================
Received Import Request.
  Time since last request: 0.000279 seconds.
  path: Assets/AssetsBackup/Explosion Material.mat
  artifactKey: Guid(1bfbb8106ac4b5a43a6273eee4c83443) Importer(815301076,1909f56bfc062723c751e8b465ee728b)
Start importing Assets/AssetsBackup/Explosion Material.mat using Guid(1bfbb8106ac4b5a43a6273eee4c83443) Importer(815301076,1909f56bfc062723c751e8b465ee728b)  -> (artifact id: 'e7e58e1ef07444364fc6f24e9d65b63d') in 0.421275 seconds 
  Import took 0.425814 seconds .

========================================================================
Received Import Request.
  Time since last request: 0.000780 seconds.
  path: Assets/AssetsBackup/Shotgun.prefab
  artifactKey: Guid(02f8211f83cebd2499900c94fea12ad6) Importer(815301076,1909f56bfc062723c751e8b465ee728b)
Start importing Assets/AssetsBackup/Shotgun.prefab using Guid(02f8211f83cebd2499900c94fea12ad6) Importer(815301076,1909f56bfc062723c751e8b465ee728b)  -> (artifact id: 'd85ba0e5ccb30d211409074fd1cdf314') in 0.102017 seconds 
  Import took 0.105944 seconds .

========================================================================
Received Import Request.
  Time since last request: 0.000343 seconds.
  path: Assets/AssetsBackup/Explosion Material 1.mat
  artifactKey: Guid(98fa0561b657ee3418ca06f7b055df40) Importer(815301076,1909f56bfc062723c751e8b465ee728b)
Start importing Assets/AssetsBackup/Explosion Material 1.mat using Guid(98fa0561b657ee3418ca06f7b055df40) Importer(815301076,1909f56bfc062723c751e8b465ee728b)  -> (artifact id: '2db88b3069797d37ff00782d8beaaf39') in 0.059375 seconds 
  Import took 0.063384 seconds .

========================================================================
Received Import Request.
  Time since last request: 0.000252 seconds.
  path: Assets/AssetsBackup/Uzi.prefab
  artifactKey: Guid(cd874da41747c0749862cd81ae4b2352) Importer(815301076,1909f56bfc062723c751e8b465ee728b)
Start importing Assets/AssetsBackup/Uzi.prefab using Guid(cd874da41747c0749862cd81ae4b2352) Importer(815301076,1909f56bfc062723c751e8b465ee728b)  -> (artifact id: 'a3ca40d7527a08b1b9bba99936ad116f') in 0.069474 seconds 
  Import took 0.073133 seconds .

========================================================================
Received Import Request.
  Time since last request: 0.000827 seconds.
  path: Assets/AssetsBackup/Rifle Bullet.prefab
  artifactKey: Guid(b4cd2a4b7b74d3d4f8f908c83b6089bc) Importer(815301076,1909f56bfc062723c751e8b465ee728b)
Start importing Assets/AssetsBackup/Rifle Bullet.prefab using Guid(b4cd2a4b7b74d3d4f8f908c83b6089bc) Importer(815301076,1909f56bfc062723c751e8b465ee728b)  -> (artifact id: 'fbdc16eed9434c1d6b983c7748bdead1') in 0.069932 seconds 
  Import took 0.073541 seconds .

========================================================================
Received Import Request.
  Time since last request: 0.000362 seconds.
  path: Assets/AssetsBackup/EnemyMaterial.mat
  artifactKey: Guid(fd686efae55cda94cac2a789f73af24c) Importer(815301076,1909f56bfc062723c751e8b465ee728b)
Start importing Assets/AssetsBackup/EnemyMaterial.mat using Guid(fd686efae55cda94cac2a789f73af24c) Importer(815301076,1909f56bfc062723c751e8b465ee728b)  -> (artifact id: '9eba2ac8a8731ab9501ee57158eff14a') in 0.028331 seconds 
  Import took 0.032903 seconds .

========================================================================
Received Import Request.
  Time since last request: 0.000354 seconds.
  path: Assets/AssetsBackup/Player.prefab
  artifactKey: Guid(5b2e1ea14760c7e49b29d6e6a3f89011) Importer(815301076,1909f56bfc062723c751e8b465ee728b)
Start importing Assets/AssetsBackup/Player.prefab using Guid(5b2e1ea14760c7e49b29d6e6a3f89011) Importer(815301076,1909f56bfc062723c751e8b465ee728b)  -> (artifact id: 'fd34563709c574505b740196f606a3e9') in 0.049781 seconds 
  Import took 0.053468 seconds .

========================================================================
Received Import Request.
  Time since last request: 0.000366 seconds.
  path: Assets/AssetsBackup/Explosion.prefab
  artifactKey: Guid(822733bc27a78b84b95415d6e5d18382) Importer(815301076,1909f56bfc062723c751e8b465ee728b)
Start importing Assets/AssetsBackup/Explosion.prefab using Guid(822733bc27a78b84b95415d6e5d18382) Importer(815301076,1909f56bfc062723c751e8b465ee728b)  -> (artifact id: '9b52f8dd69ecd5ba7e0d10649f00c340') in 0.033308 seconds 
  Import took 0.059178 seconds .

========================================================================
Received Import Request.
  Time since last request: 0.000302 seconds.
  path: Assets/AssetsBackup/Weapon.prefab
  artifactKey: Guid(88ea1d1a8ab1fbf45864becdaa9e73cf) Importer(815301076,1909f56bfc062723c751e8b465ee728b)
Start importing Assets/AssetsBackup/Weapon.prefab using Guid(88ea1d1a8ab1fbf45864becdaa9e73cf) Importer(815301076,1909f56bfc062723c751e8b465ee728b)  -> (artifact id: '7dbeaa80b5553e93afdc44206d8fac19') in 0.050160 seconds 
  Import took 0.054560 seconds .

========================================================================
Received Import Request.
  Time since last request: 338.340220 seconds.
  path: Assets/myMaterial
  artifactKey: Guid(01c7b49852c06b146b86b2a2f989cf47) Importer(815301076,1909f56bfc062723c751e8b465ee728b)
Start importing Assets/myMaterial using Guid(01c7b49852c06b146b86b2a2f989cf47) Importer(815301076,1909f56bfc062723c751e8b465ee728b)  -> (artifact id: '8e9e48cd40265e7a272d18d6aca5ce4f') in 0.010929 seconds 
  Import took 0.040980 seconds .

========================================================================
Received Import Request.
  Time since last request: 16.739375 seconds.
  path: Assets/myMaterial/myP;ane.mat
  artifactKey: Guid(0b6cd92a15ed9734c8c0d674029dbdbb) Importer(815301076,1909f56bfc062723c751e8b465ee728b)
Start importing Assets/myMaterial/myP;ane.mat using Guid(0b6cd92a15ed9734c8c0d674029dbdbb) Importer(815301076,1909f56bfc062723c751e8b465ee728b)  -> (artifact id: 'a8440dd0e4903820ac9865c90a1732ea') in 0.030204 seconds 
  Import took 0.057434 seconds .

========================================================================
Received Import Request.
  Time since last request: 241.772559 seconds.
  path: Assets/myMaterial/brick_wall_001_ao_4k.jpg
  artifactKey: Guid(f2184b48b4e48774cadc30a96c56e675) Importer(815301076,1909f56bfc062723c751e8b465ee728b)
Start importing Assets/myMaterial/brick_wall_001_ao_4k.jpg using Guid(f2184b48b4e48774cadc30a96c56e675) Importer(815301076,1909f56bfc062723c751e8b465ee728b)  -> (artifact id: 'e5ad80a86fb9792d746de713f48bb236') in 0.196193 seconds 
  Import took 0.208344 seconds .

========================================================================
Received Import Request.
  Time since last request: 4.456085 seconds.
  path: Assets/myMaterial/brick_wall_001_diffuse_4k.jpg
  artifactKey: Guid(9ddaf127a40680f418c279118edda5b5) Importer(815301076,1909f56bfc062723c751e8b465ee728b)
Start importing Assets/myMaterial/brick_wall_001_diffuse_4k.jpg using Guid(9ddaf127a40680f418c279118edda5b5) Importer(815301076,1909f56bfc062723c751e8b465ee728b)  -> (artifact id: 'a1c795c1b1eed8823e723eb2fa9e9491') in 0.075990 seconds 
  Import took 0.081494 seconds .

========================================================================
Received Import Request.
  Time since last request: 146.768932 seconds.
  path: Assets/myMaterial/mySky.mat
  artifactKey: Guid(2b443a656482efb4595cbeab70dbb69f) Importer(815301076,1909f56bfc062723c751e8b465ee728b)
Start importing Assets/myMaterial/mySky.mat using Guid(2b443a656482efb4595cbeab70dbb69f) Importer(815301076,1909f56bfc062723c751e8b465ee728b)  -> (artifact id: 'ce7e9f696cc5724a51b3b5309acb9757') in 0.054131 seconds 
  Import took 0.059820 seconds .

========================================================================
Received Import Request.
  Time since last request: 159.285626 seconds.
  path: Assets/myMaterial/satara_night_no_lamps.jpg
  artifactKey: Guid(95a40cb88114c3e4894e85e956be7e54) Importer(815301076,1909f56bfc062723c751e8b465ee728b)
Start importing Assets/myMaterial/satara_night_no_lamps.jpg using Guid(95a40cb88114c3e4894e85e956be7e54) Importer(815301076,1909f56bfc062723c751e8b465ee728b)  -> (artifact id: '1df52206e30990a8b6e9f9ba531b99ea') in 0.045028 seconds 
  Import took 0.052086 seconds .

========================================================================
Received Import Request.
  Time since last request: 176.641676 seconds.
  path: Assets
  artifactKey: Guid(00000000000000001000000000000000) Importer(815301076,1909f56bfc062723c751e8b465ee728b)
Start importing Assets using Guid(00000000000000001000000000000000) Importer(815301076,1909f56bfc062723c751e8b465ee728b)  -> (artifact id: '42d402b061de3733987d63b9cc3b64de') in 0.149836 seconds 
  Import took 0.176781 seconds .

========================================================================
Received Import Request.
  Time since last request: 19.202404 seconds.
  path: Assets/myEnemySpawner.cs
  artifactKey: Guid(a9f84711eddec2f40b565e2e66499340) Importer(815301076,1909f56bfc062723c751e8b465ee728b)
Start importing Assets/myEnemySpawner.cs using Guid(a9f84711eddec2f40b565e2e66499340) Importer(815301076,1909f56bfc062723c751e8b465ee728b)  -> (artifact id: '2ee6a6349427558ba7464cff6c90f68a') in 0.042902 seconds 
  Import took 0.076300 seconds .

========================================================================
Received Prepare
Registering precompiled user dll's ...
Registered in 0.073288 seconds.
Begin MonoManager ReloadAssembly
Native extension for WindowsStandalone target not found
Native extension for WebGL target not found
Refreshing native plugins compatible for Editor in 0.47 ms, found 2 plugins.
Preloading 0 native plugins for Editor in 0.00 ms.
Mono: successfully reloaded assembly
- Completed reload, in  1.766 seconds
Domain Reload Profiling:
	ReloadAssembly (1767ms)
		BeginReloadAssembly (195ms)
			ExecutionOrderSort (0ms)
			DisableScriptedObjects (9ms)
			BackupInstance (0ms)
			ReleaseScriptingObjects (0ms)
			CreateAndSetChildDomain (56ms)
		EndReloadAssembly (1455ms)
			LoadAssemblies (162ms)
			RebuildTransferFunctionScriptingTraits (0ms)
			SetupTypeCache (540ms)
			ReleaseScriptCaches (1ms)
			RebuildScriptCaches (68ms)
			SetupLoadedEditorAssemblies (512ms)
				LogAssemblyErrors (0ms)
				InitializePlatformSupportModulesInManaged (10ms)
				SetLoadedEditorAssemblies (1ms)
				RefreshPlugins (1ms)
				BeforeProcessingInitializeOnLoad (127ms)
				ProcessInitializeOnLoadAttributes (347ms)
				ProcessInitializeOnLoadMethodAttributes (14ms)
				AfterProcessingInitializeOnLoad (13ms)
				EditorAssembliesLoaded (0ms)
			ExecutionOrderSort2 (0ms)
			AwakeInstancesAfterBackupRestoration (10ms)
Platform modules already initialized, skipping
Refreshing native plugins compatible for Editor in 0.70 ms, found 2 plugins.
Preloading 0 native plugins for Editor in 0.00 ms.
Unloading 1493 Unused Serialized files (Serialized files now loaded: 0)
System memory in use before: 70.7 MB.
System memory in use after: 70.8 MB.

Unloading 15 unused Assets to reduce memory usage. Loaded Objects now: 1979.
Total: 5.647300 ms (FindLiveObjects: 0.247400 ms CreateObjectMapping: 0.050000 ms MarkObjects: 5.312200 ms  DeleteObjects: 0.035600 ms)

AssetImportParameters requested are different than current active one (requested -> active):
  custom:framework-win-MediaFoundation: 216162199b28c13a410421893ffa2e32 -> 
  custom:video-decoder-ogg-theora: a1e56fd34408186e4bbccfd4996cb3dc -> 
  custom:container-muxer-webm: aa71ff27fc2769a1b78a27578f13a17b -> 
  custom:container-demuxer-webm: 4f35f7cbe854078d1ac9338744f61a02 -> 
  custom:container-demuxer-ogg: 62fdf1f143b41e24485cea50d1cbac27 -> 
  custom:video-encoder-webm-vp8: eb34c28f22e8b96e1ab97ce403110664 -> 
  custom:video-decoder-webm-vp8: 9c59270c3fd7afecdb556c50c9e8de78 -> 
  custom:audio-decoder-ogg-vorbis: bf7c407c2cedff20999df2af8eb42d56 -> 
  custom:audio-encoder-webm-vorbis: bf7c407c2cedff20999df2af8eb42d56 -> 
========================================================================
Received Prepare
Registering precompiled user dll's ...
Registered in 0.229906 seconds.
Begin MonoManager ReloadAssembly
Native extension for WindowsStandalone target not found
Native extension for WebGL target not found
Refreshing native plugins compatible for Editor in 0.96 ms, found 2 plugins.
Preloading 0 native plugins for Editor in 0.00 ms.
Mono: successfully reloaded assembly
- Completed reload, in  2.791 seconds
Domain Reload Profiling:
	ReloadAssembly (2793ms)
		BeginReloadAssembly (200ms)
			ExecutionOrderSort (0ms)
			DisableScriptedObjects (7ms)
			BackupInstance (0ms)
			ReleaseScriptingObjects (0ms)
			CreateAndSetChildDomain (58ms)
		EndReloadAssembly (2468ms)
			LoadAssemblies (1072ms)
			RebuildTransferFunctionScriptingTraits (0ms)
			SetupTypeCache (509ms)
			ReleaseScriptCaches (1ms)
			RebuildScriptCaches (67ms)
			SetupLoadedEditorAssemblies (637ms)
				LogAssemblyErrors (0ms)
				InitializePlatformSupportModulesInManaged (12ms)
				SetLoadedEditorAssemblies (1ms)
				RefreshPlugins (1ms)
				BeforeProcessingInitializeOnLoad (155ms)
				ProcessInitializeOnLoadAttributes (375ms)
				ProcessInitializeOnLoadMethodAttributes (81ms)
				AfterProcessingInitializeOnLoad (12ms)
				EditorAssembliesLoaded (0ms)
			ExecutionOrderSort2 (0ms)
			AwakeInstancesAfterBackupRestoration (15ms)
Platform modules already initialized, skipping
Refreshing native plugins compatible for Editor in 0.49 ms, found 2 plugins.
Preloading 0 native plugins for Editor in 0.00 ms.
Unloading 1493 Unused Serialized files (Serialized files now loaded: 0)
System memory in use before: 70.8 MB.
System memory in use after: 70.9 MB.

Unloading 14 unused Assets to reduce memory usage. Loaded Objects now: 1981.
Total: 4.641500 ms (FindLiveObjects: 0.219700 ms CreateObjectMapping: 0.049300 ms MarkObjects: 4.338500 ms  DeleteObjects: 0.032200 ms)

AssetImportParameters requested are different than current active one (requested -> active):
  custom:framework-win-MediaFoundation: 216162199b28c13a410421893ffa2e32 -> 
  custom:video-decoder-ogg-theora: a1e56fd34408186e4bbccfd4996cb3dc -> 
  custom:container-muxer-webm: aa71ff27fc2769a1b78a27578f13a17b -> 
  custom:container-demuxer-webm: 4f35f7cbe854078d1ac9338744f61a02 -> 
  custom:container-demuxer-ogg: 62fdf1f143b41e24485cea50d1cbac27 -> 
  custom:video-encoder-webm-vp8: eb34c28f22e8b96e1ab97ce403110664 -> 
  custom:video-decoder-webm-vp8: 9c59270c3fd7afecdb556c50c9e8de78 -> 
  custom:audio-decoder-ogg-vorbis: bf7c407c2cedff20999df2af8eb42d56 -> 
  custom:audio-encoder-webm-vorbis: bf7c407c2cedff20999df2af8eb42d56 -> 
========================================================================
Received Import Request.
  Time since last request: 224.234035 seconds.
  path: Assets/myEnemySpawner.cs
  artifactKey: Guid(a9f84711eddec2f40b565e2e66499340) Importer(815301076,1909f56bfc062723c751e8b465ee728b)
Start importing Assets/myEnemySpawner.cs using Guid(a9f84711eddec2f40b565e2e66499340) Importer(815301076,1909f56bfc062723c751e8b465ee728b)  -> (artifact id: '6a2593347d6d6cb759c435b47f5a365e') in 0.042661 seconds 
  Import took 0.107234 seconds .

========================================================================
Received Import Request.
  Time since last request: 419.419359 seconds.
  path: Assets/myMaterial/myEnymy.mat
  artifactKey: Guid(bbe4b3208ce3da44d957b3178e7b81b5) Importer(815301076,1909f56bfc062723c751e8b465ee728b)
Start importing Assets/myMaterial/myEnymy.mat using Guid(bbe4b3208ce3da44d957b3178e7b81b5) Importer(815301076,1909f56bfc062723c751e8b465ee728b)  -> (artifact id: 'c7c345ea7942e98f80cd6a6deb0e635c') in 0.283270 seconds 
  Import took 0.310959 seconds .

========================================================================
Received Import Request.
  Time since last request: 5.803563 seconds.
  path: Assets/myMaterial/myPlane.mat
  artifactKey: Guid(0b6cd92a15ed9734c8c0d674029dbdbb) Importer(815301076,1909f56bfc062723c751e8b465ee728b)
Start importing Assets/myMaterial/myPlane.mat using Guid(0b6cd92a15ed9734c8c0d674029dbdbb) Importer(815301076,1909f56bfc062723c751e8b465ee728b)  -> (artifact id: '468ab69e5db91000d9f4a1ca2b3c05c0') in 0.246103 seconds 
  Import took 0.249684 seconds .

========================================================================
Received Import Request.
  Time since last request: 123.328460 seconds.
  path: Assets/AssetsBackup
  artifactKey: Guid(360290dbd0607854498d4793be061e0c) Importer(815301076,1909f56bfc062723c751e8b465ee728b)
Start importing Assets/AssetsBackup using Guid(360290dbd0607854498d4793be061e0c) Importer(815301076,1909f56bfc062723c751e8b465ee728b)  -> (artifact id: 'd2a3cc58da7fd75e1558a39a4f024ca8') in 0.031700 seconds 
  Import took 0.037531 seconds .

========================================================================
Received Import Request.
  Time since last request: 16.354579 seconds.
  path: Assets/AssetsBackup/myFrefabes
  artifactKey: Guid(78e8f1d3ae4b50d43837670f8e207dca) Importer(815301076,1909f56bfc062723c751e8b465ee728b)
Start importing Assets/AssetsBackup/myFrefabes using Guid(78e8f1d3ae4b50d43837670f8e207dca) Importer(815301076,1909f56bfc062723c751e8b465ee728b)  -> (artifact id: 'd43f9f1e865f0d8f774f521623f49532') in 0.023525 seconds 
  Import took 0.046095 seconds .

========================================================================
Received Import Request.
  Time since last request: 2.004431 seconds.
  path: Assets/AssetsBackup/myFrefabes/Canvas.prefab
  artifactKey: Guid(15f47d3437d567347a17a879b30ce545) Importer(815301076,1909f56bfc062723c751e8b465ee728b)
Start importing Assets/AssetsBackup/myFrefabes/Canvas.prefab using Guid(15f47d3437d567347a17a879b30ce545) Importer(815301076,1909f56bfc062723c751e8b465ee728b)  -> (artifact id: 'bc55b2f59c6580aa39e4a4a3cdc31a82') in 0.104170 seconds 
  Import took 0.125569 seconds .

========================================================================
Received Import Request.
  Time since last request: 0.000568 seconds.
  path: Assets/AssetsBackup/myFrefabes/Uzi.prefab
  artifactKey: Guid(d1be2cd07f6ab744c945e948f5a8c7a5) Importer(815301076,1909f56bfc062723c751e8b465ee728b)
Start importing Assets/AssetsBackup/myFrefabes/Uzi.prefab using Guid(d1be2cd07f6ab744c945e948f5a8c7a5) Importer(815301076,1909f56bfc062723c751e8b465ee728b)  -> (artifact id: 'ccbdf17791b5d48e8f31fbafff4dc8f5') in 0.135054 seconds 
  Import took 0.207532 seconds .

========================================================================
Received Import Request.
  Time since last request: 0.000443 seconds.
  path: Assets/AssetsBackup/myFrefabes/Spawn Point.prefab
  artifactKey: Guid(399edc2fe94ed064cbb3a09401a93b7b) Importer(815301076,1909f56bfc062723c751e8b465ee728b)
Start importing Assets/AssetsBackup/myFrefabes/Spawn Point.prefab using Guid(399edc2fe94ed064cbb3a09401a93b7b) Importer(815301076,1909f56bfc062723c751e8b465ee728b)  -> (artifact id: '40bdc92e899b825db9d7ccee2c628128') in 0.034067 seconds 
  Import took 0.051008 seconds .

========================================================================
Received Import Request.
  Time since last request: 0.000321 seconds.
  path: Assets/AssetsBackup/myFrefabes/Shotgun.prefab
  artifactKey: Guid(e7ce7452ba874bb4198e290e3b296b5b) Importer(815301076,1909f56bfc062723c751e8b465ee728b)
Start importing Assets/AssetsBackup/myFrefabes/Shotgun.prefab using Guid(e7ce7452ba874bb4198e290e3b296b5b) Importer(815301076,1909f56bfc062723c751e8b465ee728b)  -> (artifact id: '5fee1c69eca2549533e6b2409cc2a499') in 0.086116 seconds 
  Import took 0.113562 seconds .

========================================================================
Received Import Request.
  Time since last request: 0.000356 seconds.
  path: Assets/AssetsBackup/myFrefabes/Player.prefab
  artifactKey: Guid(87a4a037f1040934fa7feae073560586) Importer(815301076,1909f56bfc062723c751e8b465ee728b)
Start importing Assets/AssetsBackup/myFrefabes/Player.prefab using Guid(87a4a037f1040934fa7feae073560586) Importer(815301076,1909f56bfc062723c751e8b465ee728b)  -> (artifact id: 'af762a894ce2ef73ee1bcf31785c3150') in 0.138429 seconds 
  Import took 0.167961 seconds .

========================================================================
Received Import Request.
  Time since last request: 0.000392 seconds.
  path: Assets/AssetsBackup/myFrefabes/EventSystem.prefab
  artifactKey: Guid(34f535f14fcdccd4bb40081258cab370) Importer(815301076,1909f56bfc062723c751e8b465ee728b)
Start importing Assets/AssetsBackup/myFrefabes/EventSystem.prefab using Guid(34f535f14fcdccd4bb40081258cab370) Importer(815301076,1909f56bfc062723c751e8b465ee728b)  -> (artifact id: '8b8b0cfb0817e4ffbd51d1f34d427ea2') in 0.034867 seconds 
  Import took 0.088694 seconds .

========================================================================
Received Import Request.
  Time since last request: 0.000539 seconds.
  path: Assets/AssetsBackup/myFrefabes/Rifle.prefab
  artifactKey: Guid(3caf1146926b5af4baa595ffc5e9f727) Importer(815301076,1909f56bfc062723c751e8b465ee728b)
Start importing Assets/AssetsBackup/myFrefabes/Rifle.prefab using Guid(3caf1146926b5af4baa595ffc5e9f727) Importer(815301076,1909f56bfc062723c751e8b465ee728b)  -> (artifact id: '2639394a83acaa11ae8afaab7ffdf0d2') in 0.087399 seconds 
  Import took 0.092240 seconds .

========================================================================
Received Import Request.
  Time since last request: 0.001068 seconds.
  path: Assets/AssetsBackup/myFrefabes/Enemy Spawner.prefab
  artifactKey: Guid(6d104f487ec8e7d47833e93039660892) Importer(815301076,1909f56bfc062723c751e8b465ee728b)
Start importing Assets/AssetsBackup/myFrefabes/Enemy Spawner.prefab using Guid(6d104f487ec8e7d47833e93039660892) Importer(815301076,1909f56bfc062723c751e8b465ee728b)  -> (artifact id: '6d9ce78c97b33f27b366ac54b8c675ed') in 0.091752 seconds 
  Import took 0.137539 seconds .

========================================================================
Received Prepare
Registering precompiled user dll's ...
Registered in 0.114293 seconds.
Begin MonoManager ReloadAssembly
Native extension for WindowsStandalone target not found
Native extension for WebGL target not found
Refreshing native plugins compatible for Editor in 0.47 ms, found 2 plugins.
Preloading 0 native plugins for Editor in 0.00 ms.
Mono: successfully reloaded assembly
- Completed reload, in  1.951 seconds
Domain Reload Profiling:
	ReloadAssembly (1952ms)
		BeginReloadAssembly (232ms)
			ExecutionOrderSort (0ms)
			DisableScriptedObjects (7ms)
			BackupInstance (0ms)
			ReleaseScriptingObjects (0ms)
			CreateAndSetChildDomain (82ms)
		EndReloadAssembly (1595ms)
			LoadAssemblies (184ms)
			RebuildTransferFunctionScriptingTraits (0ms)
			SetupTypeCache (556ms)
			ReleaseScriptCaches (1ms)
			RebuildScriptCaches (81ms)
			SetupLoadedEditorAssemblies (581ms)
				LogAssemblyErrors (0ms)
				InitializePlatformSupportModulesInManaged (14ms)
				SetLoadedEditorAssemblies (1ms)
				RefreshPlugins (1ms)
				BeforeProcessingInitializeOnLoad (156ms)
				ProcessInitializeOnLoadAttributes (379ms)
				ProcessInitializeOnLoadMethodAttributes (17ms)
				AfterProcessingInitializeOnLoad (13ms)
				EditorAssembliesLoaded (0ms)
			ExecutionOrderSort2 (0ms)
			AwakeInstancesAfterBackupRestoration (14ms)
Platform modules already initialized, skipping
Refreshing native plugins compatible for Editor in 0.97 ms, found 2 plugins.
Preloading 0 native plugins for Editor in 0.00 ms.
Unloading 1493 Unused Serialized files (Serialized files now loaded: 0)
System memory in use before: 70.8 MB.
System memory in use after: 70.9 MB.

Unloading 15 unused Assets to reduce memory usage. Loaded Objects now: 1985.
Total: 6.538500 ms (FindLiveObjects: 0.909500 ms CreateObjectMapping: 0.484600 ms MarkObjects: 5.105600 ms  DeleteObjects: 0.034300 ms)

AssetImportParameters requested are different than current active one (requested -> active):
  custom:framework-win-MediaFoundation: 216162199b28c13a410421893ffa2e32 -> 
  custom:video-decoder-ogg-theora: a1e56fd34408186e4bbccfd4996cb3dc -> 
  custom:container-muxer-webm: aa71ff27fc2769a1b78a27578f13a17b -> 
  custom:container-demuxer-webm: 4f35f7cbe854078d1ac9338744f61a02 -> 
  custom:container-demuxer-ogg: 62fdf1f143b41e24485cea50d1cbac27 -> 
  custom:video-encoder-webm-vp8: eb34c28f22e8b96e1ab97ce403110664 -> 
  custom:video-decoder-webm-vp8: 9c59270c3fd7afecdb556c50c9e8de78 -> 
  custom:audio-decoder-ogg-vorbis: bf7c407c2cedff20999df2af8eb42d56 -> 
  custom:audio-encoder-webm-vorbis: bf7c407c2cedff20999df2af8eb42d56 -> 
========================================================================
Received Prepare
Registering precompiled user dll's ...
Registered in 0.014714 seconds.
Begin MonoManager ReloadAssembly
Native extension for WindowsStandalone target not found
Native extension for WebGL target not found
Refreshing native plugins compatible for Editor in 0.81 ms, found 2 plugins.
Preloading 0 native plugins for Editor in 0.00 ms.
Mono: successfully reloaded assembly
- Completed reload, in  1.831 seconds
Domain Reload Profiling:
	ReloadAssembly (1832ms)
		BeginReloadAssembly (208ms)
			ExecutionOrderSort (0ms)
			DisableScriptedObjects (10ms)
			BackupInstance (0ms)
			ReleaseScriptingObjects (0ms)
			CreateAndSetChildDomain (61ms)
		EndReloadAssembly (1495ms)
			LoadAssemblies (177ms)
			RebuildTransferFunctionScriptingTraits (0ms)
			SetupTypeCache (535ms)
			ReleaseScriptCaches (1ms)
			RebuildScriptCaches (75ms)
			SetupLoadedEditorAssemblies (541ms)
				LogAssemblyErrors (0ms)
				InitializePlatformSupportModulesInManaged (8ms)
				SetLoadedEditorAssemblies (1ms)
				RefreshPlugins (1ms)
				BeforeProcessingInitializeOnLoad (141ms)
				ProcessInitializeOnLoadAttributes (357ms)
				ProcessInitializeOnLoadMethodAttributes (18ms)
				AfterProcessingInitializeOnLoad (14ms)
				EditorAssembliesLoaded (0ms)
			ExecutionOrderSort2 (0ms)
			AwakeInstancesAfterBackupRestoration (14ms)
Platform modules already initialized, skipping
Refreshing native plugins compatible for Editor in 0.51 ms, found 2 plugins.
Preloading 0 native plugins for Editor in 0.00 ms.
Unloading 1493 Unused Serialized files (Serialized files now loaded: 0)
System memory in use before: 70.8 MB.
System memory in use after: 71.0 MB.

Unloading 14 unused Assets to reduce memory usage. Loaded Objects now: 1987.
Total: 4.680500 ms (FindLiveObjects: 0.323900 ms CreateObjectMapping: 0.061800 ms MarkObjects: 4.253500 ms  DeleteObjects: 0.038700 ms)

AssetImportParameters requested are different than current active one (requested -> active):
  custom:framework-win-MediaFoundation: 216162199b28c13a410421893ffa2e32 -> 
  custom:video-decoder-ogg-theora: a1e56fd34408186e4bbccfd4996cb3dc -> 
  custom:container-muxer-webm: aa71ff27fc2769a1b78a27578f13a17b -> 
  custom:container-demuxer-webm: 4f35f7cbe854078d1ac9338744f61a02 -> 
  custom:container-demuxer-ogg: 62fdf1f143b41e24485cea50d1cbac27 -> 
  custom:video-encoder-webm-vp8: eb34c28f22e8b96e1ab97ce403110664 -> 
  custom:video-decoder-webm-vp8: 9c59270c3fd7afecdb556c50c9e8de78 -> 
  custom:audio-decoder-ogg-vorbis: bf7c407c2cedff20999df2af8eb42d56 -> 
  custom:audio-encoder-webm-vorbis: bf7c407c2cedff20999df2af8eb42d56 -> 
========================================================================
Received Prepare
Registering precompiled user dll's ...
Registered in 0.009312 seconds.
Begin MonoManager ReloadAssembly
Native extension for WindowsStandalone target not found
Native extension for WebGL target not found
Refreshing native plugins compatible for Editor in 0.72 ms, found 2 plugins.
Preloading 0 native plugins for Editor in 0.00 ms.
Mono: successfully reloaded assembly
- Completed reload, in  1.727 seconds
Domain Reload Profiling:
	ReloadAssembly (1728ms)
		BeginReloadAssembly (182ms)
			ExecutionOrderSort (0ms)
			DisableScriptedObjects (7ms)
			BackupInstance (0ms)
			ReleaseScriptingObjects (0ms)
			CreateAndSetChildDomain (53ms)
		EndReloadAssembly (1431ms)
			LoadAssemblies (158ms)
			RebuildTransferFunctionScriptingTraits (0ms)
			SetupTypeCache (498ms)
			ReleaseScriptCaches (1ms)
			RebuildScriptCaches (65ms)
			SetupLoadedEditorAssemblies (546ms)
				LogAssemblyErrors (0ms)
				InitializePlatformSupportModulesInManaged (9ms)
				SetLoadedEditorAssemblies (1ms)
				RefreshPlugins (1ms)
				BeforeProcessingInitializeOnLoad (148ms)
				ProcessInitializeOnLoadAttributes (358ms)
				ProcessInitializeOnLoadMethodAttributes (13ms)
				AfterProcessingInitializeOnLoad (14ms)
				EditorAssembliesLoaded (0ms)
			ExecutionOrderSort2 (0ms)
			AwakeInstancesAfterBackupRestoration (14ms)
Platform modules already initialized, skipping
Refreshing native plugins compatible for Editor in 0.54 ms, found 2 plugins.
Preloading 0 native plugins for Editor in 0.00 ms.
Unloading 1493 Unused Serialized files (Serialized files now loaded: 0)
System memory in use before: 70.9 MB.
System memory in use after: 71.0 MB.

Unloading 14 unused Assets to reduce memory usage. Loaded Objects now: 1989.
Total: 5.273600 ms (FindLiveObjects: 0.221900 ms CreateObjectMapping: 0.049300 ms MarkObjects: 4.970600 ms  DeleteObjects: 0.029500 ms)

AssetImportParameters requested are different than current active one (requested -> active):
  custom:framework-win-MediaFoundation: 216162199b28c13a410421893ffa2e32 -> 
  custom:video-decoder-ogg-theora: a1e56fd34408186e4bbccfd4996cb3dc -> 
  custom:container-muxer-webm: aa71ff27fc2769a1b78a27578f13a17b -> 
  custom:container-demuxer-webm: 4f35f7cbe854078d1ac9338744f61a02 -> 
  custom:container-demuxer-ogg: 62fdf1f143b41e24485cea50d1cbac27 -> 
  custom:video-encoder-webm-vp8: eb34c28f22e8b96e1ab97ce403110664 -> 
  custom:video-decoder-webm-vp8: 9c59270c3fd7afecdb556c50c9e8de78 -> 
  custom:audio-decoder-ogg-vorbis: bf7c407c2cedff20999df2af8eb42d56 -> 
  custom:audio-encoder-webm-vorbis: bf7c407c2cedff20999df2af8eb42d56 -> 
========================================================================
Received Prepare
Registering precompiled user dll's ...
Registered in 0.008298 seconds.
Begin MonoManager ReloadAssembly
Native extension for WindowsStandalone target not found
Native extension for WebGL target not found
Refreshing native plugins compatible for Editor in 0.56 ms, found 2 plugins.
Preloading 0 native plugins for Editor in 0.00 ms.
Mono: successfully reloaded assembly
- Completed reload, in  1.699 seconds
Domain Reload Profiling:
	ReloadAssembly (1700ms)
		BeginReloadAssembly (188ms)
			ExecutionOrderSort (0ms)
			DisableScriptedObjects (8ms)
			BackupInstance (0ms)
			ReleaseScriptingObjects (0ms)
			CreateAndSetChildDomain (58ms)
		EndReloadAssembly (1369ms)
			LoadAssemblies (145ms)
			RebuildTransferFunctionScriptingTraits (0ms)
			SetupTypeCache (468ms)
			ReleaseScriptCaches (1ms)
			RebuildScriptCaches (67ms)
			SetupLoadedEditorAssemblies (536ms)
				LogAssemblyErrors (0ms)
				InitializePlatformSupportModulesInManaged (9ms)
				SetLoadedEditorAssemblies (1ms)
				RefreshPlugins (1ms)
				BeforeProcessingInitializeOnLoad (141ms)
				ProcessInitializeOnLoadAttributes (349ms)
				ProcessInitializeOnLoadMethodAttributes (18ms)
				AfterProcessingInitializeOnLoad (17ms)
				EditorAssembliesLoaded (1ms)
			ExecutionOrderSort2 (0ms)
			AwakeInstancesAfterBackupRestoration (14ms)
Platform modules already initialized, skipping
Refreshing native plugins compatible for Editor in 1.12 ms, found 2 plugins.
Preloading 0 native plugins for Editor in 0.00 ms.
Unloading 1493 Unused Serialized files (Serialized files now loaded: 0)
System memory in use before: 70.9 MB.
System memory in use after: 71.0 MB.

Unloading 14 unused Assets to reduce memory usage. Loaded Objects now: 1991.
Total: 4.234200 ms (FindLiveObjects: 0.315100 ms CreateObjectMapping: 0.089500 ms MarkObjects: 3.798000 ms  DeleteObjects: 0.029500 ms)

AssetImportParameters requested are different than current active one (requested -> active):
  custom:framework-win-MediaFoundation: 216162199b28c13a410421893ffa2e32 -> 
  custom:video-decoder-ogg-theora: a1e56fd34408186e4bbccfd4996cb3dc -> 
  custom:container-muxer-webm: aa71ff27fc2769a1b78a27578f13a17b -> 
  custom:container-demuxer-webm: 4f35f7cbe854078d1ac9338744f61a02 -> 
  custom:container-demuxer-ogg: 62fdf1f143b41e24485cea50d1cbac27 -> 
  custom:video-encoder-webm-vp8: eb34c28f22e8b96e1ab97ce403110664 -> 
  custom:video-decoder-webm-vp8: 9c59270c3fd7afecdb556c50c9e8de78 -> 
  custom:audio-decoder-ogg-vorbis: bf7c407c2cedff20999df2af8eb42d56 -> 
  custom:audio-encoder-webm-vorbis: bf7c407c2cedff20999df2af8eb42d56 -> 
========================================================================
Received Prepare
Registering precompiled user dll's ...
Registered in 0.006930 seconds.
Begin MonoManager ReloadAssembly
Native extension for WindowsStandalone target not found
Native extension for WebGL target not found
Refreshing native plugins compatible for Editor in 0.41 ms, found 2 plugins.
Preloading 0 native plugins for Editor in 0.00 ms.
Mono: successfully reloaded assembly
- Completed reload, in  1.801 seconds
Domain Reload Profiling:
	ReloadAssembly (1802ms)
		BeginReloadAssembly (163ms)
			ExecutionOrderSort (0ms)
			DisableScriptedObjects (8ms)
			BackupInstance (0ms)
			ReleaseScriptingObjects (0ms)
			CreateAndSetChildDomain (50ms)
		EndReloadAssembly (1471ms)
			LoadAssemblies (179ms)
			RebuildTransferFunctionScriptingTraits (0ms)
			SetupTypeCache (478ms)
			ReleaseScriptCaches (1ms)
			RebuildScriptCaches (58ms)
			SetupLoadedEditorAssemblies (554ms)
				LogAssemblyErrors (0ms)
				InitializePlatformSupportModulesInManaged (9ms)
				SetLoadedEditorAssemblies (1ms)
				RefreshPlugins (1ms)
				BeforeProcessingInitializeOnLoad (128ms)
				ProcessInitializeOnLoadAttributes (391ms)
				ProcessInitializeOnLoadMethodAttributes (12ms)
				AfterProcessingInitializeOnLoad (12ms)
				EditorAssembliesLoaded (0ms)
			ExecutionOrderSort2 (0ms)
			AwakeInstancesAfterBackupRestoration (10ms)
Platform modules already initialized, skipping
Refreshing native plugins compatible for Editor in 0.85 ms, found 2 plugins.
Preloading 0 native plugins for Editor in 0.00 ms.
Unloading 1493 Unused Serialized files (Serialized files now loaded: 0)
System memory in use before: 70.9 MB.
System memory in use after: 71.0 MB.

Unloading 14 unused Assets to reduce memory usage. Loaded Objects now: 1993.
Total: 4.277300 ms (FindLiveObjects: 0.285900 ms CreateObjectMapping: 0.060000 ms MarkObjects: 3.902200 ms  DeleteObjects: 0.027400 ms)

AssetImportParameters requested are different than current active one (requested -> active):
  custom:framework-win-MediaFoundation: 216162199b28c13a410421893ffa2e32 -> 
  custom:video-decoder-ogg-theora: a1e56fd34408186e4bbccfd4996cb3dc -> 
  custom:container-muxer-webm: aa71ff27fc2769a1b78a27578f13a17b -> 
  custom:container-demuxer-webm: 4f35f7cbe854078d1ac9338744f61a02 -> 
  custom:container-demuxer-ogg: 62fdf1f143b41e24485cea50d1cbac27 -> 
  custom:video-encoder-webm-vp8: eb34c28f22e8b96e1ab97ce403110664 -> 
  custom:video-decoder-webm-vp8: 9c59270c3fd7afecdb556c50c9e8de78 -> 
  custom:audio-decoder-ogg-vorbis: bf7c407c2cedff20999df2af8eb42d56 -> 
  custom:audio-encoder-webm-vorbis: bf7c407c2cedff20999df2af8eb42d56 -> 
========================================================================
Received Prepare
Registering precompiled user dll's ...
Registered in 0.008281 seconds.
Begin MonoManager ReloadAssembly
Native extension for WindowsStandalone target not found
Native extension for WebGL target not found
Refreshing native plugins compatible for Editor in 0.59 ms, found 2 plugins.
Preloading 0 native plugins for Editor in 0.00 ms.
Mono: successfully reloaded assembly
- Completed reload, in  1.629 seconds
Domain Reload Profiling:
	ReloadAssembly (1630ms)
		BeginReloadAssembly (179ms)
			ExecutionOrderSort (0ms)
			DisableScriptedObjects (9ms)
			BackupInstance (0ms)
			ReleaseScriptingObjects (0ms)
			CreateAndSetChildDomain (58ms)
		EndReloadAssembly (1331ms)
			LoadAssemblies (187ms)
			RebuildTransferFunctionScriptingTraits (0ms)
			SetupTypeCache (458ms)
			ReleaseScriptCaches (1ms)
			RebuildScriptCaches (59ms)
			SetupLoadedEditorAssemblies (483ms)
				LogAssemblyErrors (0ms)
				InitializePlatformSupportModulesInManaged (11ms)
				SetLoadedEditorAssemblies (1ms)
				RefreshPlugins (1ms)
				BeforeProcessingInitializeOnLoad (133ms)
				ProcessInitializeOnLoadAttributes (311ms)
				ProcessInitializeOnLoadMethodAttributes (14ms)
				AfterProcessingInitializeOnLoad (12ms)
				EditorAssembliesLoaded (0ms)
			ExecutionOrderSort2 (0ms)
			AwakeInstancesAfterBackupRestoration (13ms)
Platform modules already initialized, skipping
Refreshing native plugins compatible for Editor in 0.43 ms, found 2 plugins.
Preloading 0 native plugins for Editor in 0.00 ms.
Unloading 1493 Unused Serialized files (Serialized files now loaded: 0)
System memory in use before: 70.9 MB.
System memory in use after: 71.0 MB.

Unloading 14 unused Assets to reduce memory usage. Loaded Objects now: 1995.
Total: 4.291000 ms (FindLiveObjects: 0.274500 ms CreateObjectMapping: 0.051300 ms MarkObjects: 3.929800 ms  DeleteObjects: 0.033200 ms)

AssetImportParameters requested are different than current active one (requested -> active):
  custom:framework-win-MediaFoundation: 216162199b28c13a410421893ffa2e32 -> 
  custom:video-decoder-ogg-theora: a1e56fd34408186e4bbccfd4996cb3dc -> 
  custom:container-muxer-webm: aa71ff27fc2769a1b78a27578f13a17b -> 
  custom:container-demuxer-webm: 4f35f7cbe854078d1ac9338744f61a02 -> 
  custom:container-demuxer-ogg: 62fdf1f143b41e24485cea50d1cbac27 -> 
  custom:video-encoder-webm-vp8: eb34c28f22e8b96e1ab97ce403110664 -> 
  custom:video-decoder-webm-vp8: 9c59270c3fd7afecdb556c50c9e8de78 -> 
  custom:audio-decoder-ogg-vorbis: bf7c407c2cedff20999df2af8eb42d56 -> 
  custom:audio-encoder-webm-vorbis: bf7c407c2cedff20999df2af8eb42d56 -> 
========================================================================
Received Import Request.
  Time since last request: 2294.595503 seconds.
  path: Assets/AssetsBackup/References.cs
  artifactKey: Guid(3cd916204bd27394089ddf3870d6dbe1) Importer(815301076,1909f56bfc062723c751e8b465ee728b)
Start importing Assets/AssetsBackup/References.cs using Guid(3cd916204bd27394089ddf3870d6dbe1) Importer(815301076,1909f56bfc062723c751e8b465ee728b)  -> (artifact id: 'd63485bb093046753842678fc58ade44') in 0.022468 seconds 
  Import took 0.027061 seconds .

========================================================================
Received Import Request.
  Time since last request: 90.077897 seconds.
  path: Assets/myMaterial/myEnymy.mat
  artifactKey: Guid(bbe4b3208ce3da44d957b3178e7b81b5) Importer(815301076,1909f56bfc062723c751e8b465ee728b)
Start importing Assets/myMaterial/myEnymy.mat using Guid(bbe4b3208ce3da44d957b3178e7b81b5) Importer(815301076,1909f56bfc062723c751e8b465ee728b)  -> (artifact id: '8e5f1ce8bea2382fc558dd8e59ff3f32') in 0.195663 seconds 
  Import took 0.218753 seconds .

========================================================================
Received Import Request.
  Time since last request: 0.000383 seconds.
  path: Assets/myMaterial/mySky.mat
  artifactKey: Guid(2b443a656482efb4595cbeab70dbb69f) Importer(815301076,1909f56bfc062723c751e8b465ee728b)
Start importing Assets/myMaterial/mySky.mat using Guid(2b443a656482efb4595cbeab70dbb69f) Importer(815301076,1909f56bfc062723c751e8b465ee728b)  -> (artifact id: '0bc61dc2f1d17212bf3e2240b1a3d620') in 0.369382 seconds 
  Import took 0.436599 seconds .

========================================================================
Received Import Request.
  Time since last request: 20.177426 seconds.
  path: Assets/myMaterial/myGamePlayer.mat
  artifactKey: Guid(e66e954297339e74386eb2857737c5b8) Importer(815301076,1909f56bfc062723c751e8b465ee728b)
Start importing Assets/myMaterial/myGamePlayer.mat using Guid(e66e954297339e74386eb2857737c5b8) Importer(815301076,1909f56bfc062723c751e8b465ee728b)  -> (artifact id: 'c2cc500d3c77527673ea6d6cbda8355e') in 0.042929 seconds 
  Import took 0.047525 seconds .

========================================================================
Received Import Request.
  Time since last request: 157.688247 seconds.
  path: Assets/myPlayerBehaviour.cs
  artifactKey: Guid(1809bd40457db384e94a28f01b41ae46) Importer(815301076,1909f56bfc062723c751e8b465ee728b)
Start importing Assets/myPlayerBehaviour.cs using Guid(1809bd40457db384e94a28f01b41ae46) Importer(815301076,1909f56bfc062723c751e8b465ee728b)  -> (artifact id: '48f221bd40263e457f4dfe35284a1d60') in 0.046186 seconds 
  Import took 0.051308 seconds .

========================================================================
Received Prepare
Registering precompiled user dll's ...
Registered in 0.012048 seconds.
Begin MonoManager ReloadAssembly
Native extension for WindowsStandalone target not found
Native extension for WebGL target not found
Refreshing native plugins compatible for Editor in 0.82 ms, found 2 plugins.
Preloading 0 native plugins for Editor in 0.00 ms.
Mono: successfully reloaded assembly
- Completed reload, in  1.717 seconds
Domain Reload Profiling:
	ReloadAssembly (1718ms)
		BeginReloadAssembly (187ms)
			ExecutionOrderSort (0ms)
			DisableScriptedObjects (7ms)
			BackupInstance (0ms)
			ReleaseScriptingObjects (0ms)
			CreateAndSetChildDomain (57ms)
		EndReloadAssembly (1398ms)
			LoadAssemblies (154ms)
			RebuildTransferFunctionScriptingTraits (0ms)
			SetupTypeCache (492ms)
			ReleaseScriptCaches (1ms)
			RebuildScriptCaches (66ms)
			SetupLoadedEditorAssemblies (507ms)
				LogAssemblyErrors (0ms)
				InitializePlatformSupportModulesInManaged (16ms)
				SetLoadedEditorAssemblies (1ms)
				RefreshPlugins (1ms)
				BeforeProcessingInitializeOnLoad (156ms)
				ProcessInitializeOnLoadAttributes (301ms)
				ProcessInitializeOnLoadMethodAttributes (16ms)
				AfterProcessingInitializeOnLoad (15ms)
				EditorAssembliesLoaded (1ms)
			ExecutionOrderSort2 (0ms)
			AwakeInstancesAfterBackupRestoration (14ms)
Platform modules already initialized, skipping
Refreshing native plugins compatible for Editor in 0.49 ms, found 2 plugins.
Preloading 0 native plugins for Editor in 0.00 ms.
Unloading 1494 Unused Serialized files (Serialized files now loaded: 0)
System memory in use before: 71.0 MB.
System memory in use after: 71.1 MB.

Unloading 14 unused Assets to reduce memory usage. Loaded Objects now: 2000.
Total: 5.937000 ms (FindLiveObjects: 0.253700 ms CreateObjectMapping: 0.066800 ms MarkObjects: 5.582200 ms  DeleteObjects: 0.032000 ms)

AssetImportParameters requested are different than current active one (requested -> active):
  custom:framework-win-MediaFoundation: 216162199b28c13a410421893ffa2e32 -> 
  custom:video-decoder-ogg-theora: a1e56fd34408186e4bbccfd4996cb3dc -> 
  custom:container-muxer-webm: aa71ff27fc2769a1b78a27578f13a17b -> 
  custom:container-demuxer-webm: 4f35f7cbe854078d1ac9338744f61a02 -> 
  custom:container-demuxer-ogg: 62fdf1f143b41e24485cea50d1cbac27 -> 
  custom:video-encoder-webm-vp8: eb34c28f22e8b96e1ab97ce403110664 -> 
  custom:video-decoder-webm-vp8: 9c59270c3fd7afecdb556c50c9e8de78 -> 
  custom:audio-decoder-ogg-vorbis: bf7c407c2cedff20999df2af8eb42d56 -> 
  custom:audio-encoder-webm-vorbis: bf7c407c2cedff20999df2af8eb42d56 -> 
========================================================================
Received Prepare
Registering precompiled user dll's ...
Registered in 0.006815 seconds.
Begin MonoManager ReloadAssembly
Native extension for WindowsStandalone target not found
Native extension for WebGL target not found
Refreshing native plugins compatible for Editor in 0.50 ms, found 2 plugins.
Preloading 0 native plugins for Editor in 0.00 ms.
Mono: successfully reloaded assembly
- Completed reload, in  1.627 seconds
Domain Reload Profiling:
	ReloadAssembly (1627ms)
		BeginReloadAssembly (200ms)
			ExecutionOrderSort (0ms)
			DisableScriptedObjects (9ms)
			BackupInstance (0ms)
			ReleaseScriptingObjects (0ms)
			CreateAndSetChildDomain (55ms)
		EndReloadAssembly (1313ms)
			LoadAssemblies (165ms)
			RebuildTransferFunctionScriptingTraits (0ms)
			SetupTypeCache (441ms)
			ReleaseScriptCaches (2ms)
			RebuildScriptCaches (65ms)
			SetupLoadedEditorAssemblies (475ms)
				LogAssemblyErrors (0ms)
				InitializePlatformSupportModulesInManaged (9ms)
				SetLoadedEditorAssemblies (1ms)
				RefreshPlugins (1ms)
				BeforeProcessingInitializeOnLoad (130ms)
				ProcessInitializeOnLoadAttributes (308ms)
				ProcessInitializeOnLoadMethodAttributes (15ms)
				AfterProcessingInitializeOnLoad (11ms)
				EditorAssembliesLoaded (1ms)
			ExecutionOrderSort2 (0ms)
			AwakeInstancesAfterBackupRestoration (13ms)
Platform modules already initialized, skipping
Refreshing native plugins compatible for Editor in 1.55 ms, found 2 plugins.
Preloading 0 native plugins for Editor in 0.00 ms.
Unloading 1494 Unused Serialized files (Serialized files now loaded: 0)
System memory in use before: 71.0 MB.
System memory in use after: 71.1 MB.

Unloading 14 unused Assets to reduce memory usage. Loaded Objects now: 2002.
Total: 6.398100 ms (FindLiveObjects: 0.188800 ms CreateObjectMapping: 0.039000 ms MarkObjects: 6.140100 ms  DeleteObjects: 0.028600 ms)

AssetImportParameters requested are different than current active one (requested -> active):
  custom:framework-win-MediaFoundation: 216162199b28c13a410421893ffa2e32 -> 
  custom:video-decoder-ogg-theora: a1e56fd34408186e4bbccfd4996cb3dc -> 
  custom:container-muxer-webm: aa71ff27fc2769a1b78a27578f13a17b -> 
  custom:container-demuxer-webm: 4f35f7cbe854078d1ac9338744f61a02 -> 
  custom:container-demuxer-ogg: 62fdf1f143b41e24485cea50d1cbac27 -> 
  custom:video-encoder-webm-vp8: eb34c28f22e8b96e1ab97ce403110664 -> 
  custom:video-decoder-webm-vp8: 9c59270c3fd7afecdb556c50c9e8de78 -> 
  custom:audio-decoder-ogg-vorbis: bf7c407c2cedff20999df2af8eb42d56 -> 
  custom:audio-encoder-webm-vorbis: bf7c407c2cedff20999df2af8eb42d56 -> 
========================================================================
Received Import Request.
  Time since last request: 270.506480 seconds.
  path: Assets/myPlayerBehaviour.cs
  artifactKey: Guid(1809bd40457db384e94a28f01b41ae46) Importer(815301076,1909f56bfc062723c751e8b465ee728b)
Start importing Assets/myPlayerBehaviour.cs using Guid(1809bd40457db384e94a28f01b41ae46) Importer(815301076,1909f56bfc062723c751e8b465ee728b)  -> (artifact id: '046be703c7e61fea0b6c1e46100dd634') in 0.008346 seconds 
  Import took 0.012478 seconds .

========================================================================
Received Prepare
Registering precompiled user dll's ...
Registered in 0.154428 seconds.
Begin MonoManager ReloadAssembly
Native extension for WindowsStandalone target not found
Native extension for WebGL target not found
Refreshing native plugins compatible for Editor in 0.42 ms, found 2 plugins.
Preloading 0 native plugins for Editor in 0.00 ms.
Mono: successfully reloaded assembly
- Completed reload, in  2.872 seconds
Domain Reload Profiling:
	ReloadAssembly (2873ms)
		BeginReloadAssembly (175ms)
			ExecutionOrderSort (0ms)
			DisableScriptedObjects (8ms)
			BackupInstance (0ms)
			ReleaseScriptingObjects (0ms)
			CreateAndSetChildDomain (53ms)
		EndReloadAssembly (2574ms)
			LoadAssemblies (932ms)
			RebuildTransferFunctionScriptingTraits (0ms)
			SetupTypeCache (524ms)
			ReleaseScriptCaches (1ms)
			RebuildScriptCaches (63ms)
			SetupLoadedEditorAssemblies (849ms)
				LogAssemblyErrors (0ms)
				InitializePlatformSupportModulesInManaged (8ms)
				SetLoadedEditorAssemblies (1ms)
				RefreshPlugins (1ms)
				BeforeProcessingInitializeOnLoad (135ms)
				ProcessInitializeOnLoadAttributes (468ms)
				ProcessInitializeOnLoadMethodAttributes (221ms)
				AfterProcessingInitializeOnLoad (15ms)
				EditorAssembliesLoaded (0ms)
			ExecutionOrderSort2 (0ms)
			AwakeInstancesAfterBackupRestoration (11ms)
Platform modules already initialized, skipping
Refreshing native plugins compatible for Editor in 0.58 ms, found 2 plugins.
Preloading 0 native plugins for Editor in 0.00 ms.
Unloading 1494 Unused Serialized files (Serialized files now loaded: 0)
System memory in use before: 71.0 MB.
System memory in use after: 71.1 MB.

Unloading 14 unused Assets to reduce memory usage. Loaded Objects now: 2004.
Total: 5.106600 ms (FindLiveObjects: 0.220700 ms CreateObjectMapping: 0.066300 ms MarkObjects: 4.778000 ms  DeleteObjects: 0.038500 ms)

AssetImportParameters requested are different than current active one (requested -> active):
  custom:framework-win-MediaFoundation: 216162199b28c13a410421893ffa2e32 -> 
  custom:video-decoder-ogg-theora: a1e56fd34408186e4bbccfd4996cb3dc -> 
  custom:container-muxer-webm: aa71ff27fc2769a1b78a27578f13a17b -> 
  custom:container-demuxer-webm: 4f35f7cbe854078d1ac9338744f61a02 -> 
  custom:container-demuxer-ogg: 62fdf1f143b41e24485cea50d1cbac27 -> 
  custom:video-encoder-webm-vp8: eb34c28f22e8b96e1ab97ce403110664 -> 
  custom:video-decoder-webm-vp8: 9c59270c3fd7afecdb556c50c9e8de78 -> 
  custom:audio-decoder-ogg-vorbis: bf7c407c2cedff20999df2af8eb42d56 -> 
  custom:audio-encoder-webm-vorbis: bf7c407c2cedff20999df2af8eb42d56 -> 
========================================================================
Received Prepare
Registering precompiled user dll's ...
Registered in 0.008221 seconds.
Begin MonoManager ReloadAssembly
Native extension for WindowsStandalone target not found
Native extension for WebGL target not found
Refreshing native plugins compatible for Editor in 1.40 ms, found 2 plugins.
Preloading 0 native plugins for Editor in 0.00 ms.
Mono: successfully reloaded assembly
- Completed reload, in  1.829 seconds
Domain Reload Profiling:
	ReloadAssembly (1829ms)
		BeginReloadAssembly (182ms)
			ExecutionOrderSort (0ms)
			DisableScriptedObjects (7ms)
			BackupInstance (0ms)
			ReleaseScriptingObjects (0ms)
			CreateAndSetChildDomain (56ms)
		EndReloadAssembly (1505ms)
			LoadAssemblies (159ms)
			RebuildTransferFunctionScriptingTraits (0ms)
			SetupTypeCache (481ms)
			ReleaseScriptCaches (2ms)
			RebuildScriptCaches (70ms)
			SetupLoadedEditorAssemblies (543ms)
				LogAssemblyErrors (0ms)
				InitializePlatformSupportModulesInManaged (9ms)
				SetLoadedEditorAssemblies (1ms)
				RefreshPlugins (2ms)
				BeforeProcessingInitializeOnLoad (135ms)
				ProcessInitializeOnLoadAttributes (371ms)
				ProcessInitializeOnLoadMethodAttributes (12ms)
				AfterProcessingInitializeOnLoad (12ms)
				EditorAssembliesLoaded (0ms)
			ExecutionOrderSort2 (0ms)
			AwakeInstancesAfterBackupRestoration (11ms)
Platform modules already initialized, skipping
Refreshing native plugins compatible for Editor in 0.60 ms, found 2 plugins.
Preloading 0 native plugins for Editor in 0.00 ms.
Unloading 1494 Unused Serialized files (Serialized files now loaded: 0)
System memory in use before: 71.0 MB.
System memory in use after: 71.1 MB.

Unloading 14 unused Assets to reduce memory usage. Loaded Objects now: 2006.
Total: 5.330700 ms (FindLiveObjects: 0.353400 ms CreateObjectMapping: 0.056600 ms MarkObjects: 4.891500 ms  DeleteObjects: 0.026600 ms)

AssetImportParameters requested are different than current active one (requested -> active):
  custom:framework-win-MediaFoundation: 216162199b28c13a410421893ffa2e32 -> 
  custom:video-decoder-ogg-theora: a1e56fd34408186e4bbccfd4996cb3dc -> 
  custom:container-muxer-webm: aa71ff27fc2769a1b78a27578f13a17b -> 
  custom:container-demuxer-webm: 4f35f7cbe854078d1ac9338744f61a02 -> 
  custom:container-demuxer-ogg: 62fdf1f143b41e24485cea50d1cbac27 -> 
  custom:video-encoder-webm-vp8: eb34c28f22e8b96e1ab97ce403110664 -> 
  custom:video-decoder-webm-vp8: 9c59270c3fd7afecdb556c50c9e8de78 -> 
  custom:audio-decoder-ogg-vorbis: bf7c407c2cedff20999df2af8eb42d56 -> 
  custom:audio-encoder-webm-vorbis: bf7c407c2cedff20999df2af8eb42d56 -> 
========================================================================
Received Prepare
Registering precompiled user dll's ...
Registered in 0.010446 seconds.
Begin MonoManager ReloadAssembly
Native extension for WindowsStandalone target not found
Native extension for WebGL target not found
Refreshing native plugins compatible for Editor in 0.59 ms, found 2 plugins.
Preloading 0 native plugins for Editor in 0.00 ms.
Mono: successfully reloaded assembly
- Completed reload, in  1.674 seconds
Domain Reload Profiling:
	ReloadAssembly (1675ms)
		BeginReloadAssembly (198ms)
			ExecutionOrderSort (0ms)
			DisableScriptedObjects (9ms)
			BackupInstance (0ms)
			ReleaseScriptingObjects (0ms)
			CreateAndSetChildDomain (56ms)
		EndReloadAssembly (1346ms)
			LoadAssemblies (168ms)
			RebuildTransferFunctionScriptingTraits (0ms)
			SetupTypeCache (475ms)
			ReleaseScriptCaches (1ms)
			RebuildScriptCaches (72ms)
			SetupLoadedEditorAssemblies (478ms)
				LogAssemblyErrors (0ms)
				InitializePlatformSupportModulesInManaged (11ms)
				SetLoadedEditorAssemblies (1ms)
				RefreshPlugins (1ms)
				BeforeProcessingInitializeOnLoad (135ms)
				ProcessInitializeOnLoadAttributes (301ms)
				ProcessInitializeOnLoadMethodAttributes (14ms)
				AfterProcessingInitializeOnLoad (15ms)
				EditorAssembliesLoaded (1ms)
			ExecutionOrderSort2 (0ms)
			AwakeInstancesAfterBackupRestoration (9ms)
Platform modules already initialized, skipping
Refreshing native plugins compatible for Editor in 0.65 ms, found 2 plugins.
Preloading 0 native plugins for Editor in 0.00 ms.
Unloading 1494 Unused Serialized files (Serialized files now loaded: 0)
System memory in use before: 71.0 MB.
System memory in use after: 71.1 MB.

Unloading 14 unused Assets to reduce memory usage. Loaded Objects now: 2008.
Total: 7.025600 ms (FindLiveObjects: 0.589800 ms CreateObjectMapping: 0.100400 ms MarkObjects: 6.280100 ms  DeleteObjects: 0.053400 ms)

AssetImportParameters requested are different than current active one (requested -> active):
  custom:framework-win-MediaFoundation: 216162199b28c13a410421893ffa2e32 -> 
  custom:video-decoder-ogg-theora: a1e56fd34408186e4bbccfd4996cb3dc -> 
  custom:container-muxer-webm: aa71ff27fc2769a1b78a27578f13a17b -> 
  custom:container-demuxer-webm: 4f35f7cbe854078d1ac9338744f61a02 -> 
  custom:container-demuxer-ogg: 62fdf1f143b41e24485cea50d1cbac27 -> 
  custom:video-encoder-webm-vp8: eb34c28f22e8b96e1ab97ce403110664 -> 
  custom:video-decoder-webm-vp8: 9c59270c3fd7afecdb556c50c9e8de78 -> 
  custom:audio-decoder-ogg-vorbis: bf7c407c2cedff20999df2af8eb42d56 -> 
  custom:audio-encoder-webm-vorbis: bf7c407c2cedff20999df2af8eb42d56 -> 
========================================================================
Received Prepare
Registering precompiled user dll's ...
Registered in 0.009481 seconds.
Begin MonoManager ReloadAssembly
Native extension for WindowsStandalone target not found
Native extension for WebGL target not found
Refreshing native plugins compatible for Editor in 0.84 ms, found 2 plugins.
Preloading 0 native plugins for Editor in 0.00 ms.
Mono: successfully reloaded assembly
- Completed reload, in  1.906 seconds
Domain Reload Profiling:
	ReloadAssembly (1907ms)
		BeginReloadAssembly (187ms)
			ExecutionOrderSort (0ms)
			DisableScriptedObjects (9ms)
			BackupInstance (0ms)
			ReleaseScriptingObjects (0ms)
			CreateAndSetChildDomain (50ms)
		EndReloadAssembly (1614ms)
			LoadAssemblies (165ms)
			RebuildTransferFunctionScriptingTraits (0ms)
			SetupTypeCache (496ms)
			ReleaseScriptCaches (2ms)
			RebuildScriptCaches (66ms)
			SetupLoadedEditorAssemblies (705ms)
				LogAssemblyErrors (0ms)
				InitializePlatformSupportModulesInManaged (14ms)
				SetLoadedEditorAssemblies (1ms)
				RefreshPlugins (1ms)
				BeforeProcessingInitializeOnLoad (163ms)
				ProcessInitializeOnLoadAttributes (497ms)
				ProcessInitializeOnLoadMethodAttributes (17ms)
				AfterProcessingInitializeOnLoad (11ms)
				EditorAssembliesLoaded (0ms)
			ExecutionOrderSort2 (0ms)
			AwakeInstancesAfterBackupRestoration (15ms)
Platform modules already initialized, skipping
Refreshing native plugins compatible for Editor in 0.66 ms, found 2 plugins.
Preloading 0 native plugins for Editor in 0.00 ms.
Unloading 1494 Unused Serialized files (Serialized files now loaded: 0)
System memory in use before: 71.0 MB.
System memory in use after: 71.1 MB.

Unloading 14 unused Assets to reduce memory usage. Loaded Objects now: 2010.
Total: 5.228100 ms (FindLiveObjects: 0.262900 ms CreateObjectMapping: 0.143700 ms MarkObjects: 4.791200 ms  DeleteObjects: 0.028400 ms)

AssetImportParameters requested are different than current active one (requested -> active):
  custom:framework-win-MediaFoundation: 216162199b28c13a410421893ffa2e32 -> 
  custom:video-decoder-ogg-theora: a1e56fd34408186e4bbccfd4996cb3dc -> 
  custom:container-muxer-webm: aa71ff27fc2769a1b78a27578f13a17b -> 
  custom:container-demuxer-webm: 4f35f7cbe854078d1ac9338744f61a02 -> 
  custom:container-demuxer-ogg: 62fdf1f143b41e24485cea50d1cbac27 -> 
  custom:video-encoder-webm-vp8: eb34c28f22e8b96e1ab97ce403110664 -> 
  custom:video-decoder-webm-vp8: 9c59270c3fd7afecdb556c50c9e8de78 -> 
  custom:audio-decoder-ogg-vorbis: bf7c407c2cedff20999df2af8eb42d56 -> 
  custom:audio-encoder-webm-vorbis: bf7c407c2cedff20999df2af8eb42d56 -> 
========================================================================
Received Prepare
Registering precompiled user dll's ...
Registered in 0.007209 seconds.
Begin MonoManager ReloadAssembly
Native extension for WindowsStandalone target not found
Native extension for WebGL target not found
Refreshing native plugins compatible for Editor in 0.73 ms, found 2 plugins.
Preloading 0 native plugins for Editor in 0.00 ms.
Mono: successfully reloaded assembly
- Completed reload, in  1.777 seconds
Domain Reload Profiling:
	ReloadAssembly (1777ms)
		BeginReloadAssembly (267ms)
			ExecutionOrderSort (0ms)
			DisableScriptedObjects (11ms)
			BackupInstance (0ms)
			ReleaseScriptingObjects (0ms)
			CreateAndSetChildDomain (139ms)
		EndReloadAssembly (1380ms)
			LoadAssemblies (137ms)
			RebuildTransferFunctionScriptingTraits (0ms)
			SetupTypeCache (447ms)
			ReleaseScriptCaches (3ms)
			RebuildScriptCaches (63ms)
			SetupLoadedEditorAssemblies (552ms)
				LogAssemblyErrors (0ms)
				InitializePlatformSupportModulesInManaged (12ms)
				SetLoadedEditorAssemblies (1ms)
				RefreshPlugins (1ms)
				BeforeProcessingInitializeOnLoad (157ms)
				ProcessInitializeOnLoadAttributes (351ms)
				ProcessInitializeOnLoadMethodAttributes (18ms)
				AfterProcessingInitializeOnLoad (12ms)
				EditorAssembliesLoaded (0ms)
			ExecutionOrderSort2 (0ms)
			AwakeInstancesAfterBackupRestoration (10ms)
Platform modules already initialized, skipping
Refreshing native plugins compatible for Editor in 0.47 ms, found 2 plugins.
Preloading 0 native plugins for Editor in 0.00 ms.
Unloading 1494 Unused Serialized files (Serialized files now loaded: 0)
System memory in use before: 71.0 MB.
System memory in use after: 71.1 MB.

Unloading 14 unused Assets to reduce memory usage. Loaded Objects now: 2012.
Total: 5.827800 ms (FindLiveObjects: 0.215500 ms CreateObjectMapping: 0.049800 ms MarkObjects: 5.533000 ms  DeleteObjects: 0.027700 ms)

AssetImportParameters requested are different than current active one (requested -> active):
  custom:framework-win-MediaFoundation: 216162199b28c13a410421893ffa2e32 -> 
  custom:video-decoder-ogg-theora: a1e56fd34408186e4bbccfd4996cb3dc -> 
  custom:container-muxer-webm: aa71ff27fc2769a1b78a27578f13a17b -> 
  custom:container-demuxer-webm: 4f35f7cbe854078d1ac9338744f61a02 -> 
  custom:container-demuxer-ogg: 62fdf1f143b41e24485cea50d1cbac27 -> 
  custom:video-encoder-webm-vp8: eb34c28f22e8b96e1ab97ce403110664 -> 
  custom:video-decoder-webm-vp8: 9c59270c3fd7afecdb556c50c9e8de78 -> 
  custom:audio-decoder-ogg-vorbis: bf7c407c2cedff20999df2af8eb42d56 -> 
  custom:audio-encoder-webm-vorbis: bf7c407c2cedff20999df2af8eb42d56 -> 
========================================================================
Received Prepare
Registering precompiled user dll's ...
Registered in 0.036040 seconds.
Begin MonoManager ReloadAssembly
Native extension for WindowsStandalone target not found
Native extension for WebGL target not found
Refreshing native plugins compatible for Editor in 0.70 ms, found 2 plugins.
Preloading 0 native plugins for Editor in 0.00 ms.
Mono: successfully reloaded assembly
- Completed reload, in  1.791 seconds
Domain Reload Profiling:
	ReloadAssembly (1792ms)
		BeginReloadAssembly (220ms)
			ExecutionOrderSort (0ms)
			DisableScriptedObjects (7ms)
			BackupInstance (0ms)
			ReleaseScriptingObjects (0ms)
			CreateAndSetChildDomain (54ms)
		EndReloadAssembly (1456ms)
			LoadAssemblies (267ms)
			RebuildTransferFunctionScriptingTraits (0ms)
			SetupTypeCache (463ms)
			ReleaseScriptCaches (1ms)
			RebuildScriptCaches (65ms)
			SetupLoadedEditorAssemblies (534ms)
				LogAssemblyErrors (0ms)
				InitializePlatformSupportModulesInManaged (14ms)
				SetLoadedEditorAssemblies (1ms)
				RefreshPlugins (1ms)
				BeforeProcessingInitializeOnLoad (132ms)
				ProcessInitializeOnLoadAttributes (358ms)
				ProcessInitializeOnLoadMethodAttributes (15ms)
				AfterProcessingInitializeOnLoad (13ms)
				EditorAssembliesLoaded (0ms)
			ExecutionOrderSort2 (0ms)
			AwakeInstancesAfterBackupRestoration (13ms)
Platform modules already initialized, skipping
Refreshing native plugins compatible for Editor in 0.59 ms, found 2 plugins.
Preloading 0 native plugins for Editor in 0.00 ms.
Unloading 1494 Unused Serialized files (Serialized files now loaded: 0)
System memory in use before: 71.0 MB.
System memory in use after: 71.1 MB.

Unloading 14 unused Assets to reduce memory usage. Loaded Objects now: 2014.
Total: 6.309300 ms (FindLiveObjects: 0.384100 ms CreateObjectMapping: 0.068600 ms MarkObjects: 5.753800 ms  DeleteObjects: 0.098200 ms)

AssetImportParameters requested are different than current active one (requested -> active):
  custom:framework-win-MediaFoundation: 216162199b28c13a410421893ffa2e32 -> 
  custom:video-decoder-ogg-theora: a1e56fd34408186e4bbccfd4996cb3dc -> 
  custom:container-muxer-webm: aa71ff27fc2769a1b78a27578f13a17b -> 
  custom:container-demuxer-webm: 4f35f7cbe854078d1ac9338744f61a02 -> 
  custom:container-demuxer-ogg: 62fdf1f143b41e24485cea50d1cbac27 -> 
  custom:video-encoder-webm-vp8: eb34c28f22e8b96e1ab97ce403110664 -> 
  custom:video-decoder-webm-vp8: 9c59270c3fd7afecdb556c50c9e8de78 -> 
  custom:audio-decoder-ogg-vorbis: bf7c407c2cedff20999df2af8eb42d56 -> 
  custom:audio-encoder-webm-vorbis: bf7c407c2cedff20999df2af8eb42d56 -> 
========================================================================
Received Prepare
Registering precompiled user dll's ...
Registered in 0.006228 seconds.
Begin MonoManager ReloadAssembly
Native extension for WindowsStandalone target not found
Native extension for WebGL target not found
Refreshing native plugins compatible for Editor in 0.50 ms, found 2 plugins.
Preloading 0 native plugins for Editor in 0.00 ms.
Mono: successfully reloaded assembly
- Completed reload, in  1.669 seconds
Domain Reload Profiling:
	ReloadAssembly (1669ms)
		BeginReloadAssembly (168ms)
			ExecutionOrderSort (0ms)
			DisableScriptedObjects (6ms)
			BackupInstance (0ms)
			ReleaseScriptingObjects (0ms)
			CreateAndSetChildDomain (57ms)
		EndReloadAssembly (1387ms)
			LoadAssemblies (145ms)
			RebuildTransferFunctionScriptingTraits (0ms)
			SetupTypeCache (474ms)
			ReleaseScriptCaches (1ms)
			RebuildScriptCaches (58ms)
			SetupLoadedEditorAssemblies (521ms)
				LogAssemblyErrors (0ms)
				InitializePlatformSupportModulesInManaged (12ms)
				SetLoadedEditorAssemblies (1ms)
				RefreshPlugins (1ms)
				BeforeProcessingInitializeOnLoad (146ms)
				ProcessInitializeOnLoadAttributes (337ms)
				ProcessInitializeOnLoadMethodAttributes (13ms)
				AfterProcessingInitializeOnLoad (11ms)
				EditorAssembliesLoaded (1ms)
			ExecutionOrderSort2 (0ms)
			AwakeInstancesAfterBackupRestoration (14ms)
Platform modules already initialized, skipping
Refreshing native plugins compatible for Editor in 0.52 ms, found 2 plugins.
Preloading 0 native plugins for Editor in 0.00 ms.
Unloading 1494 Unused Serialized files (Serialized files now loaded: 0)
System memory in use before: 71.0 MB.
System memory in use after: 71.1 MB.

Unloading 14 unused Assets to reduce memory usage. Loaded Objects now: 2016.
Total: 5.036100 ms (FindLiveObjects: 0.276300 ms CreateObjectMapping: 0.060100 ms MarkObjects: 4.668200 ms  DeleteObjects: 0.029600 ms)

AssetImportParameters requested are different than current active one (requested -> active):
  custom:framework-win-MediaFoundation: 216162199b28c13a410421893ffa2e32 -> 
  custom:video-decoder-ogg-theora: a1e56fd34408186e4bbccfd4996cb3dc -> 
  custom:container-muxer-webm: aa71ff27fc2769a1b78a27578f13a17b -> 
  custom:container-demuxer-webm: 4f35f7cbe854078d1ac9338744f61a02 -> 
  custom:container-demuxer-ogg: 62fdf1f143b41e24485cea50d1cbac27 -> 
  custom:video-encoder-webm-vp8: eb34c28f22e8b96e1ab97ce403110664 -> 
  custom:video-decoder-webm-vp8: 9c59270c3fd7afecdb556c50c9e8de78 -> 
  custom:audio-decoder-ogg-vorbis: bf7c407c2cedff20999df2af8eb42d56 -> 
  custom:audio-encoder-webm-vorbis: bf7c407c2cedff20999df2af8eb42d56 -> 
========================================================================
Received Import Request.
  Time since last request: 2076.959139 seconds.
  path: Assets/AssetsBackup/PlayerBehaviour.cs
  artifactKey: Guid(40d423bafefd4d74387cf50cc383c630) Importer(815301076,1909f56bfc062723c751e8b465ee728b)
Start importing Assets/AssetsBackup/PlayerBehaviour.cs using Guid(40d423bafefd4d74387cf50cc383c630) Importer(815301076,1909f56bfc062723c751e8b465ee728b)  -> (artifact id: '49db39d0715e8fe61d984ce7304eb40d') in 0.082087 seconds 
  Import took 0.086520 seconds .

========================================================================
Received Import Request.
  Time since last request: 81.525665 seconds.
  path: Assets/myPlayerBehaviour.cs
  artifactKey: Guid(1809bd40457db384e94a28f01b41ae46) Importer(815301076,1909f56bfc062723c751e8b465ee728b)
Start importing Assets/myPlayerBehaviour.cs using Guid(1809bd40457db384e94a28f01b41ae46) Importer(815301076,1909f56bfc062723c751e8b465ee728b)  -> (artifact id: '2dfd5e47670b86f6f1397f728db05f02') in 0.004577 seconds 
  Import took 0.008345 seconds .

========================================================================
Received Prepare
Registering precompiled user dll's ...
Registered in 0.172443 seconds.
Begin MonoManager ReloadAssembly
Native extension for WindowsStandalone target not found
Native extension for WebGL target not found
Refreshing native plugins compatible for Editor in 0.53 ms, found 2 plugins.
Preloading 0 native plugins for Editor in 0.00 ms.
Mono: successfully reloaded assembly
- Completed reload, in  1.957 seconds
Domain Reload Profiling:
	ReloadAssembly (1957ms)
		BeginReloadAssembly (197ms)
			ExecutionOrderSort (0ms)
			DisableScriptedObjects (7ms)
			BackupInstance (0ms)
			ReleaseScriptingObjects (0ms)
			CreateAndSetChildDomain (60ms)
		EndReloadAssembly (1640ms)
			LoadAssemblies (153ms)
			RebuildTransferFunctionScriptingTraits (0ms)
			SetupTypeCache (491ms)
			ReleaseScriptCaches (2ms)
			RebuildScriptCaches (88ms)
			SetupLoadedEditorAssemblies (660ms)
				LogAssemblyErrors (0ms)
				InitializePlatformSupportModulesInManaged (14ms)
				SetLoadedEditorAssemblies (1ms)
				RefreshPlugins (1ms)
				BeforeProcessingInitializeOnLoad (175ms)
				ProcessInitializeOnLoadAttributes (432ms)
				ProcessInitializeOnLoadMethodAttributes (20ms)
				AfterProcessingInitializeOnLoad (16ms)
				EditorAssembliesLoaded (1ms)
			ExecutionOrderSort2 (0ms)
			AwakeInstancesAfterBackupRestoration (18ms)
Platform modules already initialized, skipping
Refreshing native plugins compatible for Editor in 0.53 ms, found 2 plugins.
Preloading 0 native plugins for Editor in 0.00 ms.
Unloading 1494 Unused Serialized files (Serialized files now loaded: 0)
System memory in use before: 71.0 MB.
System memory in use after: 71.1 MB.

Unloading 14 unused Assets to reduce memory usage. Loaded Objects now: 2018.
Total: 4.234700 ms (FindLiveObjects: 0.257600 ms CreateObjectMapping: 0.046900 ms MarkObjects: 3.899000 ms  DeleteObjects: 0.028400 ms)

AssetImportParameters requested are different than current active one (requested -> active):
  custom:framework-win-MediaFoundation: 216162199b28c13a410421893ffa2e32 -> 
  custom:video-decoder-ogg-theora: a1e56fd34408186e4bbccfd4996cb3dc -> 
  custom:container-muxer-webm: aa71ff27fc2769a1b78a27578f13a17b -> 
  custom:container-demuxer-webm: 4f35f7cbe854078d1ac9338744f61a02 -> 
  custom:container-demuxer-ogg: 62fdf1f143b41e24485cea50d1cbac27 -> 
  custom:video-encoder-webm-vp8: eb34c28f22e8b96e1ab97ce403110664 -> 
  custom:video-decoder-webm-vp8: 9c59270c3fd7afecdb556c50c9e8de78 -> 
  custom:audio-decoder-ogg-vorbis: bf7c407c2cedff20999df2af8eb42d56 -> 
  custom:audio-encoder-webm-vorbis: bf7c407c2cedff20999df2af8eb42d56 -> 
========================================================================
Received Import Request.
  Time since last request: 48.132311 seconds.
  path: Assets/myPlayerBehaviour.cs
  artifactKey: Guid(1809bd40457db384e94a28f01b41ae46) Importer(815301076,1909f56bfc062723c751e8b465ee728b)
Start importing Assets/myPlayerBehaviour.cs using Guid(1809bd40457db384e94a28f01b41ae46) Importer(815301076,1909f56bfc062723c751e8b465ee728b)  -> (artifact id: '42e11e79eec81192967eb3784c81b6f0') in 0.010597 seconds 
  Import took 0.015020 seconds .

========================================================================
Received Prepare
Registering precompiled user dll's ...
Registered in 0.008396 seconds.
Begin MonoManager ReloadAssembly
Native extension for WindowsStandalone target not found
Native extension for WebGL target not found
Refreshing native plugins compatible for Editor in 0.53 ms, found 2 plugins.
Preloading 0 native plugins for Editor in 0.00 ms.
Mono: successfully reloaded assembly
- Completed reload, in  1.840 seconds
Domain Reload Profiling:
	ReloadAssembly (1841ms)
		BeginReloadAssembly (227ms)
			ExecutionOrderSort (0ms)
			DisableScriptedObjects (7ms)
			BackupInstance (0ms)
			ReleaseScriptingObjects (0ms)
			CreateAndSetChildDomain (88ms)
		EndReloadAssembly (1486ms)
			LoadAssemblies (162ms)
			RebuildTransferFunctionScriptingTraits (0ms)
			SetupTypeCache (494ms)
			ReleaseScriptCaches (1ms)
			RebuildScriptCaches (77ms)
			SetupLoadedEditorAssemblies (554ms)
				LogAssemblyErrors (0ms)
				InitializePlatformSupportModulesInManaged (12ms)
				SetLoadedEditorAssemblies (1ms)
				RefreshPlugins (1ms)
				BeforeProcessingInitializeOnLoad (177ms)
				ProcessInitializeOnLoadAttributes (338ms)
				ProcessInitializeOnLoadMethodAttributes (15ms)
				AfterProcessingInitializeOnLoad (11ms)
				EditorAssembliesLoaded (0ms)
			ExecutionOrderSort2 (0ms)
			AwakeInstancesAfterBackupRestoration (13ms)
Platform modules already initialized, skipping
Refreshing native plugins compatible for Editor in 0.54 ms, found 2 plugins.
Preloading 0 native plugins for Editor in 0.00 ms.
Unloading 1494 Unused Serialized files (Serialized files now loaded: 0)
System memory in use before: 71.0 MB.
System memory in use after: 71.1 MB.

Unloading 14 unused Assets to reduce memory usage. Loaded Objects now: 2020.
Total: 4.383300 ms (FindLiveObjects: 0.268400 ms CreateObjectMapping: 0.057600 ms MarkObjects: 4.028300 ms  DeleteObjects: 0.026700 ms)

AssetImportParameters requested are different than current active one (requested -> active):
  custom:framework-win-MediaFoundation: 216162199b28c13a410421893ffa2e32 -> 
  custom:video-decoder-ogg-theora: a1e56fd34408186e4bbccfd4996cb3dc -> 
  custom:container-muxer-webm: aa71ff27fc2769a1b78a27578f13a17b -> 
  custom:container-demuxer-webm: 4f35f7cbe854078d1ac9338744f61a02 -> 
  custom:container-demuxer-ogg: 62fdf1f143b41e24485cea50d1cbac27 -> 
  custom:video-encoder-webm-vp8: eb34c28f22e8b96e1ab97ce403110664 -> 
  custom:video-decoder-webm-vp8: 9c59270c3fd7afecdb556c50c9e8de78 -> 
  custom:audio-decoder-ogg-vorbis: bf7c407c2cedff20999df2af8eb42d56 -> 
  custom:audio-encoder-webm-vorbis: bf7c407c2cedff20999df2af8eb42d56 -> 
========================================================================
Received Import Request.
  Time since last request: 36.840547 seconds.
  path: Assets/myMaterial/myGamePlayer.mat
  artifactKey: Guid(e66e954297339e74386eb2857737c5b8) Importer(815301076,1909f56bfc062723c751e8b465ee728b)
Start importing Assets/myMaterial/myGamePlayer.mat using Guid(e66e954297339e74386eb2857737c5b8) Importer(815301076,1909f56bfc062723c751e8b465ee728b)  -> (artifact id: '8aaae051970237e3eeeed021e9c19395') in 0.378824 seconds 
  Import took 0.384196 seconds .

AssetImportWorkerClient::OnTransportError - code=2 error=End of file
